<?xml version="1.0" encoding="UTF-8"?>
<testsuite xmlns:xsi="http://www.w3.org/2001/XMLSchema-instance" xsi:noNamespaceSchemaLocation="https://maven.apache.org/surefire/maven-surefire-plugin/xsd/surefire-test-report-3.0.xsd" version="3.0" name="TestSuite" time="96.42" tests="3" errors="0" skipped="0" failures="0">
  <properties>
[...]
</properties>
  <testcase name="runScenario[&quot;User is the Can&apos;t schedule demo with out filleing all the Details&quot;, &quot;SignIn&quot;](1)" classname="Angular_Form.runner.TestRunner" time="42.826">
    <system-out><![CDATA[
Scenario Outline: User is the Can't schedule demo with out filleing all the Details &amp#27;[90m# src/test/resources/Angular_Form/features/SignIn.feature:13&amp#27;[0m
 INFO [main] (ConfigReader.java:24)- read property file 
 INFO [main] (DriverFactory.java:33)- chrome driver initialized
WebElement wasn't found
 INFO [main] (MyHooks.java:38)- url loaded in browser https://www.entrata.com/c
 INFO [main] (ElementUtils.java:67)- [[ChromeDriver: chrome on windows (d6ed513e7fb245822dedc3bd58b2de90)] -> xpath: //*[contains(@id,'cookie-accept')]] element is clickable
 INFO [main] (ElementUtils.java:35)- clickOnElement(), invoked and clicked on element [[ChromeDriver: chrome on windows (d6ed513e7fb245822dedc3bd58b2de90)] -> xpath: //*[contains(@id,'cookie-accept')]]
  &amp#27;[32mGiven &amp#27;[0m&amp#27;[32muser clicks on accept cookies button&amp#27;[0m                                        &amp#27;[90m# Angular_Form.stepdefinitions.SignIn.userClicksOnAcceptCookiesButton()&amp#27;[0m
 INFO [main] (ElementUtils.java:67)- [[ChromeDriver: chrome on windows (d6ed513e7fb245822dedc3bd58b2de90)] -> xpath: //*[contains(text(),'Schedule Your Demo')]] element is clickable
 INFO [main] (ElementUtils.java:35)- clickOnElement(), invoked and clicked on element Proxy element for: DefaultElementLocator 'By.xpath: //*[contains(text(),'Schedule Your Demo')]'
  &amp#27;[32mThen &amp#27;[0m&amp#27;[32mUser Clicks on the schedule demo button&amp#27;[0m                                      &amp#27;[90m# Angular_Form.stepdefinitions.SignIn.userClicksOnTheScheduleDemoButton()&amp#27;[0m
  &amp#27;[32mThen &amp#27;[0m&amp#27;[32muser scroll to bottom of the page&amp#27;[0m                                            &amp#27;[90m# Angular_Form.stepdefinitions.SignIn.userScrollToBottomOfThePage()&amp#27;[0m
 INFO [main] (ElementUtils.java:67)- [[ChromeDriver: chrome on windows (d6ed513e7fb245822dedc3bd58b2de90)] -> xpath: (//*[contains(text(),'SCHEDULE DEMO')])[1]] element is clickable
 INFO [main] (ElementUtils.java:35)- clickOnElement(), invoked and clicked on element [[ChromeDriver: chrome on windows (d6ed513e7fb245822dedc3bd58b2de90)] -> xpath: (//*[contains(text(),'SCHEDULE DEMO')])[1]]
  &amp#27;[32mThen &amp#27;[0m&amp#27;[32mUser Clicks on the schedule demo button with out filling all the details&amp#27;[0m     &amp#27;[90m# Angular_Form.stepdefinitions.SignIn.userClicksOnTheScheduleDemoButtonWithOutFillingAllTheDetails()&amp#27;[0m
  &amp#27;[32mThen &amp#27;[0m&amp#27;[32muser scroll to top of the page&amp#27;[0m                                               &amp#27;[90m# Angular_Form.stepdefinitions.SignIn.userScrollToTopOfThePage()&amp#27;[0m
 INFO [main] (ElementUtils.java:67)- [[ChromeDriver: chrome on windows (d6ed513e7fb245822dedc3bd58b2de90)] -> xpath: //*[contains(@id, 'ValidMsgFirstName')]] element is clickable
 INFO [main] (ElementUtils.java:153)- getting text from webpage This field is required.
  &amp#27;[32mThen &amp#27;[0m&amp#27;[32muser should able to see &amp#27;[0m&amp#27;[32m&amp#27;[1m"This field is required."&amp#27;[0m&amp#27;[32m message&amp#27;[0m                    &amp#27;[90m# Angular_Form.stepdefinitions.SignIn.userShouldAbleToSeeMessage(java.lang.String)&amp#27;[0m
 INFO [main] (MyHooks.java:55)- driver  quit
]]></system-out>
    <system-err><![CDATA[SLF4J: No SLF4J providers were found.
SLF4J: Defaulting to no-operation (NOP) logger implementation
SLF4J: See https://www.slf4j.org/codes.html#noProviders for further details.
Oct 09, 2024 11:37:00 PM org.openqa.selenium.devtools.CdpVersionFinder findNearestMatch
WARNING: Unable to find CDP implementation matching 129
Oct 09, 2024 11:37:00 PM org.openqa.selenium.chromium.ChromiumDriver lambda$new$5
WARNING: Unable to find version of CDP to use for 129.0.6668.90. You may need to include a dependency on a specific version of the CDP using something similar to `org.seleniumhq.selenium:selenium-devtools-v86:4.12.0` where the version ("v86") matches the version of the chromium-based browser you're using and the version number of the artifact is the same as Selenium's.
]]></system-err>
  </testcase>
  <testcase name="runScenario[&quot;User Fails to log in as Property Manager due to invalid Credentials&quot;, &quot;SignIn&quot;](2)" classname="Angular_Form.runner.TestRunner" time="24.278">
    <system-out><![CDATA[
Scenario Outline: User Fails to log in as Property Manager due to invalid Credentials                          &amp#27;[90m# src/test/resources/Angular_Form/features/SignIn.feature:26&amp#27;[0m
 INFO [main] (ConfigReader.java:24)- read property file 
 INFO [main] (DriverFactory.java:33)- chrome driver initialized
 INFO [main] (MyHooks.java:38)- url loaded in browser https://www.entrata.com/c
 INFO [main] (ElementUtils.java:67)- [[ChromeDriver: chrome on windows (36bdf0b44ec657de51aa0e2cbf9b061a)] -> xpath: //*[contains(@id,'cookie-accept')]] element is clickable
 INFO [main] (ElementUtils.java:35)- clickOnElement(), invoked and clicked on element [[ChromeDriver: chrome on windows (36bdf0b44ec657de51aa0e2cbf9b061a)] -> xpath: //*[contains(@id,'cookie-accept')]]
  &amp#27;[32mGiven &amp#27;[0m&amp#27;[32muser clicks on accept cookies button&amp#27;[0m                                                                   &amp#27;[90m# Angular_Form.stepdefinitions.SignIn.userClicksOnAcceptCookiesButton()&amp#27;[0m
 INFO [main] (ElementUtils.java:67)- [[ChromeDriver: chrome on windows (36bdf0b44ec657de51aa0e2cbf9b061a)] -> xpath: //*[contains(text(),'Sign In')]] element is clickable
 INFO [main] (ElementUtils.java:35)- clickOnElement(), invoked and clicked on element [[ChromeDriver: chrome on windows (36bdf0b44ec657de51aa0e2cbf9b061a)] -> xpath: //*[contains(text(),'Sign In')]]
  &amp#27;[32mGiven &amp#27;[0m&amp#27;[32mUser clicks on sign in button&amp#27;[0m                                                                          &amp#27;[90m# Angular_Form.stepdefinitions.SignIn.userClicksOnSignInButton()&amp#27;[0m
 INFO [main] (ElementUtils.java:67)- [[ChromeDriver: chrome on windows (36bdf0b44ec657de51aa0e2cbf9b061a)] -> xpath: //*[@class='button hover_black new-button w-inline-block']] element is clickable
 INFO [main] (ElementUtils.java:35)- clickOnElement(), invoked and clicked on element Proxy element for: DefaultElementLocator 'By.xpath: //*[@class='button hover_black new-button w-inline-block']'
  &amp#27;[32mThen &amp#27;[0m&amp#27;[32mThen User Clicks On the Property Manager login&amp#27;[0m                                                          &amp#27;[90m# Angular_Form.stepdefinitions.SignIn.thenUserClicksOnThePropertyManagerLogin()&amp#27;[0m
 INFO [main] (ElementUtils.java:67)- [[ChromeDriver: chrome on windows (36bdf0b44ec657de51aa0e2cbf9b061a)] -> xpath: //*[contains(@id,'entrata-username')]] element is clickable
 INFO [main] (ElementUtils.java:46)- clearAndSendKeys(), invoked and enter text  Akshay in [[ChromeDriver: chrome on windows (36bdf0b44ec657de51aa0e2cbf9b061a)] -> xpath: //*[contains(@id,'entrata-username')]]
  &amp#27;[32mThen &amp#27;[0m&amp#27;[32mthe user enters username&amp#27;[0m                                                                                &amp#27;[90m# Angular_Form.stepdefinitions.SignIn.theUserEntersUsername()&amp#27;[0m
 INFO [main] (ElementUtils.java:67)- [[ChromeDriver: chrome on windows (36bdf0b44ec657de51aa0e2cbf9b061a)] -> xpath: //*[contains(@id,'entrata-password')]] element is clickable
 INFO [main] (ElementUtils.java:46)- clearAndSendKeys(), invoked and enter text  Admin123 in [[ChromeDriver: chrome on windows (36bdf0b44ec657de51aa0e2cbf9b061a)] -> xpath: //*[contains(@id,'entrata-password')]]
  &amp#27;[32mThen &amp#27;[0m&amp#27;[32mthe user enters password&amp#27;[0m                                                                                &amp#27;[90m# Angular_Form.stepdefinitions.SignIn.theUserEntersPassword()&amp#27;[0m
 INFO [main] (ElementUtils.java:67)- [[ChromeDriver: chrome on windows (36bdf0b44ec657de51aa0e2cbf9b061a)] -> xpath: //*[contains(text(),'Sign In')]] element is clickable
 INFO [main] (ElementUtils.java:35)- clickOnElement(), invoked and clicked on element [[ChromeDriver: chrome on windows (36bdf0b44ec657de51aa0e2cbf9b061a)] -> xpath: //*[contains(text(),'Sign In')]]
  &amp#27;[32mThen &amp#27;[0m&amp#27;[32mthe user clicks on log in button&amp#27;[0m                                                                        &amp#27;[90m# Angular_Form.stepdefinitions.SignIn.theUserClicksOnLogInButton()&amp#27;[0m
 INFO [main] (ElementUtils.java:67)- [[ChromeDriver: chrome on windows (36bdf0b44ec657de51aa0e2cbf9b061a)] -> xpath: //*[contains(@id, 'statusMessage')]] element is clickable
 INFO [main] (ElementUtils.java:153)- getting text from webpage The username and password provided are not valid. Please try again.
  &amp#27;[32mThen &amp#27;[0m&amp#27;[32mthe user gets &amp#27;[0m&amp#27;[32m&amp#27;[1m"The username and password provided are not valid. Please try again."&amp#27;[0m&amp#27;[32m invalid credentials&amp#27;[0m &amp#27;[90m# Angular_Form.stepdefinitions.SignIn.theUserGetsInvalidCredentials(java.lang.String)&amp#27;[0m
 INFO [main] (MyHooks.java:55)- driver  quit
]]></system-out>
    <system-err><![CDATA[Oct 09, 2024 11:37:41 PM org.openqa.selenium.devtools.CdpVersionFinder findNearestMatch
WARNING: Unable to find CDP implementation matching 129
Oct 09, 2024 11:37:41 PM org.openqa.selenium.chromium.ChromiumDriver lambda$new$5
WARNING: Unable to find version of CDP to use for 129.0.6668.90. You may need to include a dependency on a specific version of the CDP using something similar to `org.seleniumhq.selenium:selenium-devtools-v86:4.12.0` where the version ("v86") matches the version of the chromium-based browser you're using and the version number of the artifact is the same as Selenium's.
]]></system-err>
  </testcase>
  <testcase name="runScenario[&quot;User is the Can&apos;t watch demo with out filleing all the Details&quot;, &quot;SignIn&quot;](3)" classname="Angular_Form.runner.TestRunner" time="25.956">
    <system-out><![CDATA[
Scenario Outline: User is the Can't watch demo with out filleing all the Details &amp#27;[90m# src/test/resources/Angular_Form/features/SignIn.feature:38&amp#27;[0m
 INFO [main] (ConfigReader.java:24)- read property file 
 INFO [main] (DriverFactory.java:33)- chrome driver initialized
 INFO [main] (MyHooks.java:38)- url loaded in browser https://www.entrata.com/c
 INFO [main] (ElementUtils.java:67)- [[ChromeDriver: chrome on windows (f6b262e3e5737e65c9ebd73aae0415b0)] -> xpath: //*[contains(@id,'cookie-accept')]] element is clickable
 INFO [main] (ElementUtils.java:35)- clickOnElement(), invoked and clicked on element [[ChromeDriver: chrome on windows (f6b262e3e5737e65c9ebd73aae0415b0)] -> xpath: //*[contains(@id,'cookie-accept')]]
  &amp#27;[32mGiven &amp#27;[0m&amp#27;[32muser clicks on accept cookies button&amp#27;[0m                                     &amp#27;[90m# Angular_Form.stepdefinitions.SignIn.userClicksOnAcceptCookiesButton()&amp#27;[0m
 INFO [main] (ElementUtils.java:67)- [[ChromeDriver: chrome on windows (f6b262e3e5737e65c9ebd73aae0415b0)] -> xpath: //*[@class='white-button mb-full w-inline-block']] element is clickable
 INFO [main] (ElementUtils.java:35)- clickOnElement(), invoked and clicked on element Proxy element for: DefaultElementLocator 'By.xpath: //*[@class='white-button mb-full w-inline-block']'
  &amp#27;[32mThen &amp#27;[0m&amp#27;[32mUser clicks on the Watch Demo button&amp#27;[0m                                      &amp#27;[90m# Angular_Form.stepdefinitions.SignIn.userClicksOnTheWatchDemoButton()&amp#27;[0m
  &amp#27;[32mThen &amp#27;[0m&amp#27;[32muser scroll to bottom of the page&amp#27;[0m                                         &amp#27;[90m# Angular_Form.stepdefinitions.SignIn.userScrollToBottomOfThePage()&amp#27;[0m
 INFO [main] (ElementUtils.java:67)- [[ChromeDriver: chrome on windows (f6b262e3e5737e65c9ebd73aae0415b0)] -> xpath: (//button[normalize-space()='WATCH DEMO'])[1]] element is clickable
 INFO [main] (ElementUtils.java:35)- clickOnElement(), invoked and clicked on element [[ChromeDriver: chrome on windows (f6b262e3e5737e65c9ebd73aae0415b0)] -> xpath: (//button[normalize-space()='WATCH DEMO'])[1]]
  &amp#27;[32mThen &amp#27;[0m&amp#27;[32mUser Clicks on the watch demo button with out filling all the details&amp#27;[0m     &amp#27;[90m# Angular_Form.stepdefinitions.SignIn.userClicksOnTheWatchDemoButtonWithOutFillingAllTheDetails()&amp#27;[0m
  &amp#27;[32mThen &amp#27;[0m&amp#27;[32muser scroll to top of the page&amp#27;[0m                                            &amp#27;[90m# Angular_Form.stepdefinitions.SignIn.userScrollToTopOfThePage()&amp#27;[0m
 INFO [main] (ElementUtils.java:67)- [[ChromeDriver: chrome on windows (f6b262e3e5737e65c9ebd73aae0415b0)] -> xpath: //*[contains(@id, 'ValidMsgFirstName')]] element is clickable
 INFO [main] (ElementUtils.java:153)- getting text from webpage This field is required.
  &amp#27;[32mThen &amp#27;[0m&amp#27;[32muser should able to see &amp#27;[0m&amp#27;[32m&amp#27;[1m"This field is required."&amp#27;[0m&amp#27;[32m message&amp#27;[0m                 &amp#27;[90m# Angular_Form.stepdefinitions.SignIn.userShouldAbleToSeeMessage(java.lang.String)&amp#27;[0m
 INFO [main] (MyHooks.java:55)- driver  quit
]]></system-out>
    <system-err><![CDATA[Oct 09, 2024 11:38:05 PM org.openqa.selenium.devtools.CdpVersionFinder findNearestMatch
WARNING: Unable to find CDP implementation matching 129
Oct 09, 2024 11:38:05 PM org.openqa.selenium.chromium.ChromiumDriver lambda$new$5
WARNING: Unable to find version of CDP to use for 129.0.6668.90. You may need to include a dependency on a specific version of the CDP using something similar to `org.seleniumhq.selenium:selenium-devtools-v86:4.12.0` where the version ("v86") matches the version of the chromium-based browser you're using and the version number of the artifact is the same as Selenium's.
]]></system-err>
  </testcase>
</testsuite>