<?xml version="1.0" encoding="UTF-8"?>
<testsuite xmlns:xsi="http://www.w3.org/2001/XMLSchema-instance" xsi:noNamespaceSchemaLocation="https://maven.apache.org/surefire/maven-surefire-plugin/xsd/surefire-test-report-3.0.xsd" version="3.0" name="TestSuite" time="128.468" tests="3" errors="0" skipped="0" failures="3">
  <properties>
[...]
</properties>
  <testcase name="runScenario[&quot;User is the Can&apos;t schedule demo with out filleing all the Details&quot;, &quot;SignIn&quot;](1)" classname="Angular_Form.runner.TestRunner" time="19.178">
    <failure type="java.lang.NullPointerException"><![CDATA[java.lang.NullPointerException
]]></failure>
    <system-out><![CDATA[
Scenario Outline: User is the Can't schedule demo with out filleing all the Details &amp#27;[90m# src/test/resources/Angular_Form/features/SignIn.feature:13&amp#27;[0m
 INFO [main] (ConfigReader.java:24)- read property file 
 INFO [main] (DriverFactory.java:33)- chrome driver initialized
 INFO [main] (MyHooks.java:38)- url loaded in browser https://www.entrata.com/c
 INFO [main] (ElementUtils.java:67)- [[ChromeDriver: chrome on windows (0f3bb8503003fe758cdee7b829d6880e)] -> xpath: //*[contains(@id,'cookie-accept')]] element is clickable
  &amp#27;[31mGiven &amp#27;[0m&amp#27;[31muser clicks on accept cookies button&amp#27;[0m                                        &amp#27;[90m# Angular_Form.stepdefinitions.SignIn.userClicksOnAcceptCookiesButton()&amp#27;[0m
      &amp#27;[31mjava.lang.NullPointerException
	at Angular_Form.utils.ElementUtils.clickElement(ElementUtils.java:34)
	at Angular_Form.pages.SignInPage.AcceptCookies(SignInPage.java:59)
	at Angular_Form.stepdefinitions.SignIn.userClicksOnAcceptCookiesButton(SignIn.java:17)
	at âœ½.user clicks on accept cookies button(file:///C:/Users/walkingtree/Test_Entrata/src/test/resources/Angular_Form/features/SignIn.feature:5)
&amp#27;[0m
  &amp#27;[36mThen &amp#27;[0m&amp#27;[36mUser Clicks on the schedule demo button&amp#27;[0m                                      &amp#27;[90m# Angular_Form.stepdefinitions.SignIn.userClicksOnTheScheduleDemoButton()&amp#27;[0m
  &amp#27;[36mThen &amp#27;[0m&amp#27;[36muser scroll to bottom of the page&amp#27;[0m                                            &amp#27;[90m# Angular_Form.stepdefinitions.SignIn.userScrollToBottomOfThePage()&amp#27;[0m
  &amp#27;[36mThen &amp#27;[0m&amp#27;[36mUser Clicks on the schedule demo button with out filling all the details&amp#27;[0m     &amp#27;[90m# Angular_Form.stepdefinitions.SignIn.userClicksOnTheScheduleDemoButtonWithOutFillingAllTheDetails()&amp#27;[0m
  &amp#27;[36mThen &amp#27;[0m&amp#27;[36muser scroll to top of the page&amp#27;[0m                                               &amp#27;[90m# Angular_Form.stepdefinitions.SignIn.userScrollToTopOfThePage()&amp#27;[0m
  &amp#27;[36mThen &amp#27;[0m&amp#27;[36muser should able to see &amp#27;[0m&amp#27;[36m&amp#27;[1m"This field is required."&amp#27;[0m&amp#27;[36m message&amp#27;[0m                    &amp#27;[90m# Angular_Form.stepdefinitions.SignIn.userShouldAbleToSeeMessage(java.lang.String)&amp#27;[0m
 INFO [main] (CommonUtils.java:30)- takeScreenShot() invoked , screenshot taken

    Embedding User_is_the_Can't_schedule_demo_with_out_filleing_all_the_Details [image/png 165307 bytes]

 INFO [main] (MyHooks.java:51)- scenario failed
 INFO [main] (MyHooks.java:55)- driver  quit
]]></system-out>
    <system-err><![CDATA[SLF4J: No SLF4J providers were found.
SLF4J: Defaulting to no-operation (NOP) logger implementation
SLF4J: See https://www.slf4j.org/codes.html#noProviders for further details.
Oct 10, 2024 11:14:50 AM org.openqa.selenium.devtools.CdpVersionFinder findNearestMatch
WARNING: Unable to find CDP implementation matching 129
Oct 10, 2024 11:14:50 AM org.openqa.selenium.chromium.ChromiumDriver lambda$new$5
WARNING: Unable to find version of CDP to use for 129.0.6668.90. You may need to include a dependency on a specific version of the CDP using something similar to `org.seleniumhq.selenium:selenium-devtools-v86:4.12.0` where the version ("v86") matches the version of the chromium-based browser you're using and the version number of the artifact is the same as Selenium's.
org.openqa.selenium.TimeoutException: timeout: Timed out receiving message from renderer: 15.000
  (Session info: chrome=129.0.6668.90)
Build info: version: '4.12.0', revision: '249f2a7d1b*'
System info: os.name: 'Windows 11', os.arch: 'amd64', os.version: '10.0', java.version: '11.0.17'
Driver info: org.openqa.selenium.chrome.ChromeDriver
Command: [0f3bb8503003fe758cdee7b829d6880e, findElement {using=xpath, value=//*[contains(@id,'cookie-accept')]}]
Capabilities {acceptInsecureCerts: false, browserName: chrome, browserVersion: 129.0.6668.90, chrome: {chromedriverVersion: 129.0.6668.91 (b00bc8b76d60..., userDataDir: C:\Users\WALKIN~1\AppData\L...}, fedcm:accounts: true, goog:chromeOptions: {debuggerAddress: localhost:63847}, networkConnectionEnabled: false, pageLoadStrategy: normal, platformName: windows, proxy: Proxy(), se:cdp: ws://localhost:63847/devtoo..., se:cdpVersion: 129.0.6668.90, setWindowRect: true, strictFileInteractability: false, timeouts: {implicit: 0, pageLoad: 300000, script: 30000}, unhandledPromptBehavior: dismiss and notify, webauthn:extension:credBlob: true, webauthn:extension:largeBlob: true, webauthn:extension:minPinLength: true, webauthn:extension:prf: true, webauthn:virtualAuthenticators: true}
Session ID: 0f3bb8503003fe758cdee7b829d6880e
	at java.base/jdk.internal.reflect.NativeConstructorAccessorImpl.newInstance0(Native Method)
	at java.base/jdk.internal.reflect.NativeConstructorAccessorImpl.newInstance(NativeConstructorAccessorImpl.java:62)
	at java.base/jdk.internal.reflect.DelegatingConstructorAccessorImpl.newInstance(DelegatingConstructorAccessorImpl.java:45)
	at java.base/java.lang.reflect.Constructor.newInstance(Constructor.java:490)
	at org.openqa.selenium.remote.codec.w3c.W3CHttpResponseCodec.createException(W3CHttpResponseCodec.java:200)
	at org.openqa.selenium.remote.codec.w3c.W3CHttpResponseCodec.decode(W3CHttpResponseCodec.java:133)
	at org.openqa.selenium.remote.codec.w3c.W3CHttpResponseCodec.decode(W3CHttpResponseCodec.java:52)
	at org.openqa.selenium.remote.HttpCommandExecutor.execute(HttpCommandExecutor.java:191)
	at org.openqa.selenium.remote.service.DriverCommandExecutor.invokeExecute(DriverCommandExecutor.java:196)
	at org.openqa.selenium.remote.service.DriverCommandExecutor.execute(DriverCommandExecutor.java:171)
	at org.openqa.selenium.remote.RemoteWebDriver.execute(RemoteWebDriver.java:602)
	at org.openqa.selenium.remote.ElementLocation$ElementFinder$2.findElement(ElementLocation.java:165)
	at org.openqa.selenium.remote.ElementLocation.findElement(ElementLocation.java:59)
	at org.openqa.selenium.remote.RemoteWebDriver.findElement(RemoteWebDriver.java:359)
	at org.openqa.selenium.remote.RemoteWebDriver.findElement(RemoteWebDriver.java:353)
	at org.openqa.selenium.support.pagefactory.DefaultElementLocator.findElement(DefaultElementLocator.java:68)
	at org.openqa.selenium.support.pagefactory.internal.LocatingElementHandler.invoke(LocatingElementHandler.java:38)
	at com.sun.proxy.$Proxy26.isDisplayed(Unknown Source)
	at org.openqa.selenium.support.ui.ExpectedConditions.elementIfVisible(ExpectedConditions.java:304)
	at org.openqa.selenium.support.ui.ExpectedConditions.access$000(ExpectedConditions.java:37)
	at org.openqa.selenium.support.ui.ExpectedConditions$10.apply(ExpectedConditions.java:290)
	at org.openqa.selenium.support.ui.ExpectedConditions$10.apply(ExpectedConditions.java:287)
	at org.openqa.selenium.support.ui.ExpectedConditions$23.apply(ExpectedConditions.java:656)
	at org.openqa.selenium.support.ui.ExpectedConditions$23.apply(ExpectedConditions.java:652)
	at org.openqa.selenium.support.ui.FluentWait.until(FluentWait.java:205)
	at Angular_Form.utils.ElementUtils.waitForElement(ElementUtils.java:63)
	at Angular_Form.utils.ElementUtils.clickElement(ElementUtils.java:33)
	at Angular_Form.pages.SignInPage.AcceptCookies(SignInPage.java:59)
	at Angular_Form.stepdefinitions.SignIn.userClicksOnAcceptCookiesButton(SignIn.java:17)
	at java.base/jdk.internal.reflect.NativeMethodAccessorImpl.invoke0(Native Method)
	at java.base/jdk.internal.reflect.NativeMethodAccessorImpl.invoke(NativeMethodAccessorImpl.java:62)
	at java.base/jdk.internal.reflect.DelegatingMethodAccessorImpl.invoke(DelegatingMethodAccessorImpl.java:43)
	at java.base/java.lang.reflect.Method.invoke(Method.java:566)
	at io.cucumber.java.Invoker.doInvoke(Invoker.java:66)
	at io.cucumber.java.Invoker.invoke(Invoker.java:24)
	at io.cucumber.java.AbstractGlueDefinition.invokeMethod(AbstractGlueDefinition.java:47)
	at io.cucumber.java.JavaStepDefinition.execute(JavaStepDefinition.java:29)
	at io.cucumber.core.runner.CoreStepDefinition.execute(CoreStepDefinition.java:66)
	at io.cucumber.core.runner.PickleStepDefinitionMatch.runStep(PickleStepDefinitionMatch.java:63)
	at io.cucumber.core.runner.ExecutionMode$1.execute(ExecutionMode.java:10)
	at io.cucumber.core.runner.TestStep.executeStep(TestStep.java:85)
	at io.cucumber.core.runner.TestStep.run(TestStep.java:57)
	at io.cucumber.core.runner.PickleStepTestStep.run(PickleStepTestStep.java:51)
	at io.cucumber.core.runner.TestCase.run(TestCase.java:84)
	at io.cucumber.core.runner.Runner.runPickle(Runner.java:75)
	at io.cucumber.testng.TestNGCucumberRunner.lambda$runScenario$1(TestNGCucumberRunner.java:132)
	at io.cucumber.core.runtime.CucumberExecutionContext.lambda$runTestCase$5(CucumberExecutionContext.java:129)
	at io.cucumber.core.runtime.RethrowingThrowableCollector.executeAndThrow(RethrowingThrowableCollector.java:23)
	at io.cucumber.core.runtime.CucumberExecutionContext.runTestCase(CucumberExecutionContext.java:129)
	at io.cucumber.testng.TestNGCucumberRunner.runScenario(TestNGCucumberRunner.java:129)
	at io.cucumber.testng.AbstractTestNGCucumberTests.runScenario(AbstractTestNGCucumberTests.java:35)
	at java.base/jdk.internal.reflect.NativeMethodAccessorImpl.invoke0(Native Method)
	at java.base/jdk.internal.reflect.NativeMethodAccessorImpl.invoke(NativeMethodAccessorImpl.java:62)
	at java.base/jdk.internal.reflect.DelegatingMethodAccessorImpl.invoke(DelegatingMethodAccessorImpl.java:43)
	at java.base/java.lang.reflect.Method.invoke(Method.java:566)
	at org.testng.internal.MethodInvocationHelper.invokeMethod(MethodInvocationHelper.java:133)
	at org.testng.internal.TestInvoker.invokeMethod(TestInvoker.java:598)
	at org.testng.internal.TestInvoker.invokeTestMethod(TestInvoker.java:173)
	at org.testng.internal.MethodRunner.runInSequence(MethodRunner.java:46)
	at org.testng.internal.TestInvoker$MethodInvocationAgent.invoke(TestInvoker.java:824)
	at org.testng.internal.TestInvoker.invokeTestMethods(TestInvoker.java:146)
	at org.testng.internal.TestMethodWorker.invokeTestMethods(TestMethodWorker.java:146)
	at org.testng.internal.TestMethodWorker.run(TestMethodWorker.java:128)
	at java.base/java.util.ArrayList.forEach(ArrayList.java:1541)
	at org.testng.TestRunner.privateRun(TestRunner.java:794)
	at org.testng.TestRunner.run(TestRunner.java:596)
	at org.testng.SuiteRunner.runTest(SuiteRunner.java:377)
	at org.testng.SuiteRunner.runSequentially(SuiteRunner.java:371)
	at org.testng.SuiteRunner.privateRun(SuiteRunner.java:332)
	at org.testng.SuiteRunner.run(SuiteRunner.java:276)
	at org.testng.SuiteRunnerWorker.runSuite(SuiteRunnerWorker.java:53)
	at org.testng.SuiteRunnerWorker.run(SuiteRunnerWorker.java:96)
	at org.testng.TestNG.runSuitesSequentially(TestNG.java:1212)
	at org.testng.TestNG.runSuitesLocally(TestNG.java:1134)
	at org.testng.TestNG.runSuites(TestNG.java:1063)
	at org.testng.TestNG.run(TestNG.java:1031)
	at org.apache.maven.surefire.testng.TestNGExecutor.run(TestNGExecutor.java:284)
	at org.apache.maven.surefire.testng.TestNGXmlTestSuite.execute(TestNGXmlTestSuite.java:75)
	at org.apache.maven.surefire.testng.TestNGProvider.invoke(TestNGProvider.java:119)
	at org.apache.maven.surefire.booter.ForkedBooter.runSuitesInProcess(ForkedBooter.java:428)
	at org.apache.maven.surefire.booter.ForkedBooter.execute(ForkedBooter.java:162)
	at org.apache.maven.surefire.booter.ForkedBooter.run(ForkedBooter.java:562)
	at org.apache.maven.surefire.booter.ForkedBooter.main(ForkedBooter.java:548)
]]></system-err>
  </testcase>
  <testcase name="runScenario[&quot;User Fails to log in as Property Manager due to invalid Credentials&quot;, &quot;SignIn&quot;](2)" classname="Angular_Form.runner.TestRunner" time="82.64">
    <failure type="java.lang.NullPointerException"><![CDATA[java.lang.NullPointerException
]]></failure>
    <system-out><![CDATA[
Scenario Outline: User Fails to log in as Property Manager due to invalid Credentials                          &amp#27;[90m# src/test/resources/Angular_Form/features/SignIn.feature:26&amp#27;[0m
 INFO [main] (ConfigReader.java:24)- read property file 
 INFO [main] (DriverFactory.java:33)- chrome driver initialized
 INFO [main] (MyHooks.java:38)- url loaded in browser https://www.entrata.com/c
 INFO [main] (ElementUtils.java:67)- [[ChromeDriver: chrome on windows (9eed901773e3b756e2bfa37c16370590)] -> xpath: //*[contains(@id,'cookie-accept')]] element is clickable
 INFO [main] (ElementUtils.java:35)- clickOnElement(), invoked and clicked on element [[ChromeDriver: chrome on windows (9eed901773e3b756e2bfa37c16370590)] -> xpath: //*[contains(@id,'cookie-accept')]]
  &amp#27;[32mGiven &amp#27;[0m&amp#27;[32muser clicks on accept cookies button&amp#27;[0m                                                                   &amp#27;[90m# Angular_Form.stepdefinitions.SignIn.userClicksOnAcceptCookiesButton()&amp#27;[0m
 INFO [main] (ElementUtils.java:67)- [[ChromeDriver: chrome on windows (9eed901773e3b756e2bfa37c16370590)] -> xpath: //*[@class='signin-button mb-full']] element is clickable
 INFO [main] (ElementUtils.java:35)- clickOnElement(), invoked and clicked on element Proxy element for: DefaultElementLocator 'By.xpath: //*[@class='signin-button mb-full']'
  &amp#27;[32mGiven &amp#27;[0m&amp#27;[32mUser clicks on sign in button&amp#27;[0m                                                                          &amp#27;[90m# Angular_Form.stepdefinitions.SignIn.userClicksOnSignInButton()&amp#27;[0m
 INFO [main] (ElementUtils.java:67)- [[ChromeDriver: chrome on windows (9eed901773e3b756e2bfa37c16370590)] -> xpath: //*[@class='button hover_black new-button w-inline-block']] element is clickable
 INFO [main] (ElementUtils.java:35)- clickOnElement(), invoked and clicked on element Proxy element for: DefaultElementLocator 'By.xpath: //*[@class='button hover_black new-button w-inline-block']'
  &amp#27;[32mThen &amp#27;[0m&amp#27;[32mThen User Clicks On the Property Manager login&amp#27;[0m                                                          &amp#27;[90m# Angular_Form.stepdefinitions.SignIn.thenUserClicksOnThePropertyManagerLogin()&amp#27;[0m
 INFO [main] (ElementUtils.java:67)- [[ChromeDriver: chrome on windows (9eed901773e3b756e2bfa37c16370590)] -> xpath: //*[contains(@id,'entrata-username')]] element is clickable
 INFO [main] (ElementUtils.java:46)- clearAndSendKeys(), invoked and enter text  Akshay in [[ChromeDriver: chrome on windows (9eed901773e3b756e2bfa37c16370590)] -> xpath: //*[contains(@id,'entrata-username')]]
  &amp#27;[32mThen &amp#27;[0m&amp#27;[32mthe user enters username&amp#27;[0m                                                                                &amp#27;[90m# Angular_Form.stepdefinitions.SignIn.theUserEntersUsername()&amp#27;[0m
 INFO [main] (ElementUtils.java:67)- [[ChromeDriver: chrome on windows (9eed901773e3b756e2bfa37c16370590)] -> xpath: //*[contains(@id,'entrata-password')]] element is clickable
 INFO [main] (ElementUtils.java:46)- clearAndSendKeys(), invoked and enter text  Admin123 in [[ChromeDriver: chrome on windows (9eed901773e3b756e2bfa37c16370590)] -> xpath: //*[contains(@id,'entrata-password')]]
  &amp#27;[32mThen &amp#27;[0m&amp#27;[32mthe user enters password&amp#27;[0m                                                                                &amp#27;[90m# Angular_Form.stepdefinitions.SignIn.theUserEntersPassword()&amp#27;[0m
 INFO [main] (ElementUtils.java:67)- Proxy element for: DefaultElementLocator 'By.xpath: //*[@class='signin-button mb-full']' element is clickable
  &amp#27;[31mThen &amp#27;[0m&amp#27;[31mthe user clicks on log in button&amp#27;[0m                                                                        &amp#27;[90m# Angular_Form.stepdefinitions.SignIn.theUserClicksOnLogInButton()&amp#27;[0m
      &amp#27;[31mjava.lang.NullPointerException
	at Angular_Form.utils.ElementUtils.clickElement(ElementUtils.java:34)
	at Angular_Form.pages.SignInPage.signinbutton(SignInPage.java:96)
	at Angular_Form.stepdefinitions.SignIn.theUserClicksOnLogInButton(SignIn.java:59)
	at âœ½.the user clicks on log in button(file:///C:/Users/walkingtree/Test_Entrata/src/test/resources/Angular_Form/features/SignIn.feature:22)
&amp#27;[0m
  &amp#27;[36mThen &amp#27;[0m&amp#27;[36mthe user gets &amp#27;[0m&amp#27;[36m&amp#27;[1m"The username and password provided are not valid. Please try again."&amp#27;[0m&amp#27;[36m invalid credentials&amp#27;[0m &amp#27;[90m# Angular_Form.stepdefinitions.SignIn.theUserGetsInvalidCredentials(java.lang.String)&amp#27;[0m
 INFO [main] (CommonUtils.java:30)- takeScreenShot() invoked , screenshot taken

    Embedding User_Fails_to_log_in_as_Property_Manager_due_to_invalid_Credentials [image/png 19941 bytes]

 INFO [main] (MyHooks.java:51)- scenario failed
 INFO [main] (MyHooks.java:55)- driver  quit
]]></system-out>
    <system-err><![CDATA[Oct 10, 2024 11:15:08 AM org.openqa.selenium.devtools.CdpVersionFinder findNearestMatch
WARNING: Unable to find CDP implementation matching 129
Oct 10, 2024 11:15:08 AM org.openqa.selenium.chromium.ChromiumDriver lambda$new$5
WARNING: Unable to find version of CDP to use for 129.0.6668.90. You may need to include a dependency on a specific version of the CDP using something similar to `org.seleniumhq.selenium:selenium-devtools-v86:4.12.0` where the version ("v86") matches the version of the chromium-based browser you're using and the version number of the artifact is the same as Selenium's.
org.openqa.selenium.TimeoutException: Expected condition failed: waiting for element to be clickable: Proxy element for: DefaultElementLocator 'By.xpath: //*[@class='signin-button mb-full']' (tried for 30 second(s) with 500 milliseconds interval)
	at org.openqa.selenium.support.ui.WebDriverWait.timeoutException(WebDriverWait.java:84)
	at org.openqa.selenium.support.ui.FluentWait.until(FluentWait.java:230)
	at Angular_Form.utils.ElementUtils.waitForElement(ElementUtils.java:63)
	at Angular_Form.utils.ElementUtils.clickElement(ElementUtils.java:33)
	at Angular_Form.pages.SignInPage.signinbutton(SignInPage.java:96)
	at Angular_Form.stepdefinitions.SignIn.theUserClicksOnLogInButton(SignIn.java:59)
	at java.base/jdk.internal.reflect.NativeMethodAccessorImpl.invoke0(Native Method)
	at java.base/jdk.internal.reflect.NativeMethodAccessorImpl.invoke(NativeMethodAccessorImpl.java:62)
	at java.base/jdk.internal.reflect.DelegatingMethodAccessorImpl.invoke(DelegatingMethodAccessorImpl.java:43)
	at java.base/java.lang.reflect.Method.invoke(Method.java:566)
	at io.cucumber.java.Invoker.doInvoke(Invoker.java:66)
	at io.cucumber.java.Invoker.invoke(Invoker.java:24)
	at io.cucumber.java.AbstractGlueDefinition.invokeMethod(AbstractGlueDefinition.java:47)
	at io.cucumber.java.JavaStepDefinition.execute(JavaStepDefinition.java:29)
	at io.cucumber.core.runner.CoreStepDefinition.execute(CoreStepDefinition.java:66)
	at io.cucumber.core.runner.PickleStepDefinitionMatch.runStep(PickleStepDefinitionMatch.java:63)
	at io.cucumber.core.runner.ExecutionMode$1.execute(ExecutionMode.java:10)
	at io.cucumber.core.runner.TestStep.executeStep(TestStep.java:85)
	at io.cucumber.core.runner.TestStep.run(TestStep.java:57)
	at io.cucumber.core.runner.PickleStepTestStep.run(PickleStepTestStep.java:51)
	at io.cucumber.core.runner.TestCase.run(TestCase.java:84)
	at io.cucumber.core.runner.Runner.runPickle(Runner.java:75)
	at io.cucumber.testng.TestNGCucumberRunner.lambda$runScenario$1(TestNGCucumberRunner.java:132)
	at io.cucumber.core.runtime.CucumberExecutionContext.lambda$runTestCase$5(CucumberExecutionContext.java:129)
	at io.cucumber.core.runtime.RethrowingThrowableCollector.executeAndThrow(RethrowingThrowableCollector.java:23)
	at io.cucumber.core.runtime.CucumberExecutionContext.runTestCase(CucumberExecutionContext.java:129)
	at io.cucumber.testng.TestNGCucumberRunner.runScenario(TestNGCucumberRunner.java:129)
	at io.cucumber.testng.AbstractTestNGCucumberTests.runScenario(AbstractTestNGCucumberTests.java:35)
	at java.base/jdk.internal.reflect.NativeMethodAccessorImpl.invoke0(Native Method)
	at java.base/jdk.internal.reflect.NativeMethodAccessorImpl.invoke(NativeMethodAccessorImpl.java:62)
	at java.base/jdk.internal.reflect.DelegatingMethodAccessorImpl.invoke(DelegatingMethodAccessorImpl.java:43)
	at java.base/java.lang.reflect.Method.invoke(Method.java:566)
	at org.testng.internal.MethodInvocationHelper.invokeMethod(MethodInvocationHelper.java:133)
	at org.testng.internal.TestInvoker.invokeMethod(TestInvoker.java:598)
	at org.testng.internal.TestInvoker.invokeTestMethod(TestInvoker.java:173)
	at org.testng.internal.MethodRunner.runInSequence(MethodRunner.java:46)
	at org.testng.internal.TestInvoker$MethodInvocationAgent.invoke(TestInvoker.java:824)
	at org.testng.internal.TestInvoker.invokeTestMethods(TestInvoker.java:146)
	at org.testng.internal.TestMethodWorker.invokeTestMethods(TestMethodWorker.java:146)
	at org.testng.internal.TestMethodWorker.run(TestMethodWorker.java:128)
	at java.base/java.util.ArrayList.forEach(ArrayList.java:1541)
	at org.testng.TestRunner.privateRun(TestRunner.java:794)
	at org.testng.TestRunner.run(TestRunner.java:596)
	at org.testng.SuiteRunner.runTest(SuiteRunner.java:377)
	at org.testng.SuiteRunner.runSequentially(SuiteRunner.java:371)
	at org.testng.SuiteRunner.privateRun(SuiteRunner.java:332)
	at org.testng.SuiteRunner.run(SuiteRunner.java:276)
	at org.testng.SuiteRunnerWorker.runSuite(SuiteRunnerWorker.java:53)
	at org.testng.SuiteRunnerWorker.run(SuiteRunnerWorker.java:96)
	at org.testng.TestNG.runSuitesSequentially(TestNG.java:1212)
	at org.testng.TestNG.runSuitesLocally(TestNG.java:1134)
	at org.testng.TestNG.runSuites(TestNG.java:1063)
	at org.testng.TestNG.run(TestNG.java:1031)
	at org.apache.maven.surefire.testng.TestNGExecutor.run(TestNGExecutor.java:284)
	at org.apache.maven.surefire.testng.TestNGXmlTestSuite.execute(TestNGXmlTestSuite.java:75)
	at org.apache.maven.surefire.testng.TestNGProvider.invoke(TestNGProvider.java:119)
	at org.apache.maven.surefire.booter.ForkedBooter.runSuitesInProcess(ForkedBooter.java:428)
	at org.apache.maven.surefire.booter.ForkedBooter.execute(ForkedBooter.java:162)
	at org.apache.maven.surefire.booter.ForkedBooter.run(ForkedBooter.java:562)
	at org.apache.maven.surefire.booter.ForkedBooter.main(ForkedBooter.java:548)
Caused by: org.openqa.selenium.NoSuchElementException: no such element: Unable to locate element: {"method":"xpath","selector":"//*[@class='signin-button mb-full']"}
  (Session info: chrome=129.0.6668.90)
For documentation on this error, please visit: https://www.selenium.dev/documentation/webdriver/troubleshooting/errors#no-such-element-exception
Build info: version: '4.12.0', revision: '249f2a7d1b*'
System info: os.name: 'Windows 11', os.arch: 'amd64', os.version: '10.0', java.version: '11.0.17'
Driver info: org.openqa.selenium.chrome.ChromeDriver
Command: [9eed901773e3b756e2bfa37c16370590, findElement {using=xpath, value=//*[@class='signin-button mb-full']}]
Capabilities {acceptInsecureCerts: false, browserName: chrome, browserVersion: 129.0.6668.90, chrome: {chromedriverVersion: 129.0.6668.91 (b00bc8b76d60..., userDataDir: C:\Users\WALKIN~1\AppData\L...}, fedcm:accounts: true, goog:chromeOptions: {debuggerAddress: localhost:63984}, networkConnectionEnabled: false, pageLoadStrategy: normal, platformName: windows, proxy: Proxy(), se:cdp: ws://localhost:63984/devtoo..., se:cdpVersion: 129.0.6668.90, setWindowRect: true, strictFileInteractability: false, timeouts: {implicit: 0, pageLoad: 300000, script: 30000}, unhandledPromptBehavior: dismiss and notify, webauthn:extension:credBlob: true, webauthn:extension:largeBlob: true, webauthn:extension:minPinLength: true, webauthn:extension:prf: true, webauthn:virtualAuthenticators: true}
Session ID: 9eed901773e3b756e2bfa37c16370590
	at java.base/jdk.internal.reflect.NativeConstructorAccessorImpl.newInstance0(Native Method)
	at java.base/jdk.internal.reflect.NativeConstructorAccessorImpl.newInstance(NativeConstructorAccessorImpl.java:62)
	at java.base/jdk.internal.reflect.DelegatingConstructorAccessorImpl.newInstance(DelegatingConstructorAccessorImpl.java:45)
	at java.base/java.lang.reflect.Constructor.newInstance(Constructor.java:490)
	at org.openqa.selenium.remote.codec.w3c.W3CHttpResponseCodec.createException(W3CHttpResponseCodec.java:200)
	at org.openqa.selenium.remote.codec.w3c.W3CHttpResponseCodec.decode(W3CHttpResponseCodec.java:133)
	at org.openqa.selenium.remote.codec.w3c.W3CHttpResponseCodec.decode(W3CHttpResponseCodec.java:52)
	at org.openqa.selenium.remote.HttpCommandExecutor.execute(HttpCommandExecutor.java:191)
	at org.openqa.selenium.remote.service.DriverCommandExecutor.invokeExecute(DriverCommandExecutor.java:196)
	at org.openqa.selenium.remote.service.DriverCommandExecutor.execute(DriverCommandExecutor.java:171)
	at org.openqa.selenium.remote.RemoteWebDriver.execute(RemoteWebDriver.java:602)
	at org.openqa.selenium.remote.ElementLocation$ElementFinder$2.findElement(ElementLocation.java:165)
	at org.openqa.selenium.remote.ElementLocation.findElement(ElementLocation.java:59)
	at org.openqa.selenium.remote.RemoteWebDriver.findElement(RemoteWebDriver.java:359)
	at org.openqa.selenium.remote.RemoteWebDriver.findElement(RemoteWebDriver.java:353)
	at org.openqa.selenium.support.pagefactory.DefaultElementLocator.findElement(DefaultElementLocator.java:68)
	at org.openqa.selenium.support.pagefactory.internal.LocatingElementHandler.invoke(LocatingElementHandler.java:38)
	at com.sun.proxy.$Proxy26.isDisplayed(Unknown Source)
	at org.openqa.selenium.support.ui.ExpectedConditions.elementIfVisible(ExpectedConditions.java:304)
	at org.openqa.selenium.support.ui.ExpectedConditions.access$000(ExpectedConditions.java:37)
	at org.openqa.selenium.support.ui.ExpectedConditions$10.apply(ExpectedConditions.java:290)
	at org.openqa.selenium.support.ui.ExpectedConditions$10.apply(ExpectedConditions.java:287)
	at org.openqa.selenium.support.ui.ExpectedConditions$23.apply(ExpectedConditions.java:656)
	at org.openqa.selenium.support.ui.ExpectedConditions$23.apply(ExpectedConditions.java:652)
	at org.openqa.selenium.support.ui.FluentWait.until(FluentWait.java:205)
	... 58 more
]]></system-err>
  </testcase>
  <testcase name="runScenario[&quot;User is the Can&apos;t watch demo with out filleing all the Details&quot;, &quot;SignIn&quot;](3)" classname="Angular_Form.runner.TestRunner" time="22.133">
    <failure message="timeout: Timed out receiving message from renderer: 15.000&#10;  (Session info: chrome=129.0.6668.90)&#10;Build info: version: &apos;4.12.0&apos;, revision: &apos;249f2a7d1b*&apos;&#10;System info: os.name: &apos;Windows 11&apos;, os.arch: &apos;amd64&apos;, os.version: &apos;10.0&apos;, java.version: &apos;11.0.17&apos;&#10;Driver info: org.openqa.selenium.chrome.ChromeDriver&#10;Command: [c0fd03ddbf18931e8636c659dfcb1997, clickElement {id=f.9BA352C71034D83DDBDA57F80B56DF95.d.3A76F7C5881A1CB5546F2AF81274BA1B.e.388}]&#10;Capabilities {acceptInsecureCerts: false, browserName: chrome, browserVersion: 129.0.6668.90, chrome: {chromedriverVersion: 129.0.6668.91 (b00bc8b76d60..., userDataDir: C:\Users\WALKIN~1\AppData\L...}, fedcm:accounts: true, goog:chromeOptions: {debuggerAddress: localhost:64341}, networkConnectionEnabled: false, pageLoadStrategy: normal, platformName: windows, proxy: Proxy(), se:cdp: ws://localhost:64341/devtoo..., se:cdpVersion: 129.0.6668.90, setWindowRect: true, strictFileInteractability: false, timeouts: {implicit: 0, pageLoad: 300000, script: 30000}, unhandledPromptBehavior: dismiss and notify, webauthn:extension:credBlob: true, webauthn:extension:largeBlob: true, webauthn:extension:minPinLength: true, webauthn:extension:prf: true, webauthn:virtualAuthenticators: true}&#10;Element: [[ChromeDriver: chrome on windows (c0fd03ddbf18931e8636c659dfcb1997)] -&gt; xpath: //*[@class=&apos;white-button mb-full w-inline-block&apos;]]&#10;Session ID: c0fd03ddbf18931e8636c659dfcb1997" type="org.openqa.selenium.TimeoutException"><![CDATA[org.openqa.selenium.TimeoutException: 
timeout: Timed out receiving message from renderer: 15.000
  (Session info: chrome=129.0.6668.90)
Build info: version: '4.12.0', revision: '249f2a7d1b*'
System info: os.name: 'Windows 11', os.arch: 'amd64', os.version: '10.0', java.version: '11.0.17'
Driver info: org.openqa.selenium.chrome.ChromeDriver
Command: [c0fd03ddbf18931e8636c659dfcb1997, clickElement {id=f.9BA352C71034D83DDBDA57F80B56DF95.d.3A76F7C5881A1CB5546F2AF81274BA1B.e.388}]
Capabilities {acceptInsecureCerts: false, browserName: chrome, browserVersion: 129.0.6668.90, chrome: {chromedriverVersion: 129.0.6668.91 (b00bc8b76d60..., userDataDir: C:\Users\WALKIN~1\AppData\L...}, fedcm:accounts: true, goog:chromeOptions: {debuggerAddress: localhost:64341}, networkConnectionEnabled: false, pageLoadStrategy: normal, platformName: windows, proxy: Proxy(), se:cdp: ws://localhost:64341/devtoo..., se:cdpVersion: 129.0.6668.90, setWindowRect: true, strictFileInteractability: false, timeouts: {implicit: 0, pageLoad: 300000, script: 30000}, unhandledPromptBehavior: dismiss and notify, webauthn:extension:credBlob: true, webauthn:extension:largeBlob: true, webauthn:extension:minPinLength: true, webauthn:extension:prf: true, webauthn:virtualAuthenticators: true}
Element: [[ChromeDriver: chrome on windows (c0fd03ddbf18931e8636c659dfcb1997)] -> xpath: //*[@class='white-button mb-full w-inline-block']]
Session ID: c0fd03ddbf18931e8636c659dfcb1997
]]></failure>
    <system-out><![CDATA[
Scenario Outline: User is the Can't watch demo with out filleing all the Details &amp#27;[90m# src/test/resources/Angular_Form/features/SignIn.feature:38&amp#27;[0m
 INFO [main] (ConfigReader.java:24)- read property file 
 INFO [main] (DriverFactory.java:33)- chrome driver initialized
 INFO [main] (MyHooks.java:38)- url loaded in browser https://www.entrata.com/c
 INFO [main] (ElementUtils.java:67)- [[ChromeDriver: chrome on windows (c0fd03ddbf18931e8636c659dfcb1997)] -> xpath: //*[contains(@id,'cookie-accept')]] element is clickable
 INFO [main] (ElementUtils.java:35)- clickOnElement(), invoked and clicked on element [[ChromeDriver: chrome on windows (c0fd03ddbf18931e8636c659dfcb1997)] -> xpath: //*[contains(@id,'cookie-accept')]]
  &amp#27;[32mGiven &amp#27;[0m&amp#27;[32muser clicks on accept cookies button&amp#27;[0m                                     &amp#27;[90m# Angular_Form.stepdefinitions.SignIn.userClicksOnAcceptCookiesButton()&amp#27;[0m
 INFO [main] (ElementUtils.java:67)- [[ChromeDriver: chrome on windows (c0fd03ddbf18931e8636c659dfcb1997)] -> xpath: //*[@class='white-button mb-full w-inline-block']] element is clickable
  &amp#27;[31mThen &amp#27;[0m&amp#27;[31mUser clicks on the Watch Demo button&amp#27;[0m                                      &amp#27;[90m# Angular_Form.stepdefinitions.SignIn.userClicksOnTheWatchDemoButton()&amp#27;[0m
      &amp#27;[31morg.openqa.selenium.TimeoutException: timeout: Timed out receiving message from renderer: 15.000
  (Session info: chrome=129.0.6668.90)
Build info: version: '4.12.0', revision: '249f2a7d1b*'
System info: os.name: 'Windows 11', os.arch: 'amd64', os.version: '10.0', java.version: '11.0.17'
Driver info: org.openqa.selenium.chrome.ChromeDriver
Command: [c0fd03ddbf18931e8636c659dfcb1997, clickElement {id=f.9BA352C71034D83DDBDA57F80B56DF95.d.3A76F7C5881A1CB5546F2AF81274BA1B.e.388}]
Capabilities {acceptInsecureCerts: false, browserName: chrome, browserVersion: 129.0.6668.90, chrome: {chromedriverVersion: 129.0.6668.91 (b00bc8b76d60..., userDataDir: C:\Users\WALKIN~1\AppData\L...}, fedcm:accounts: true, goog:chromeOptions: {debuggerAddress: localhost:64341}, networkConnectionEnabled: false, pageLoadStrategy: normal, platformName: windows, proxy: Proxy(), se:cdp: ws://localhost:64341/devtoo..., se:cdpVersion: 129.0.6668.90, setWindowRect: true, strictFileInteractability: false, timeouts: {implicit: 0, pageLoad: 300000, script: 30000}, unhandledPromptBehavior: dismiss and notify, webauthn:extension:credBlob: true, webauthn:extension:largeBlob: true, webauthn:extension:minPinLength: true, webauthn:extension:prf: true, webauthn:virtualAuthenticators: true}
Element: [[ChromeDriver: chrome on windows (c0fd03ddbf18931e8636c659dfcb1997)] -> xpath: //*[@class='white-button mb-full w-inline-block']]
Session ID: c0fd03ddbf18931e8636c659dfcb1997
	at java.base/jdk.internal.reflect.NativeConstructorAccessorImpl.newInstance0(Native Method)
	at java.base/jdk.internal.reflect.NativeConstructorAccessorImpl.newInstance(NativeConstructorAccessorImpl.java:62)
	at java.base/jdk.internal.reflect.DelegatingConstructorAccessorImpl.newInstance(DelegatingConstructorAccessorImpl.java:45)
	at java.base/java.lang.reflect.Constructor.newInstance(Constructor.java:490)
	at org.openqa.selenium.remote.codec.w3c.W3CHttpResponseCodec.createException(W3CHttpResponseCodec.java:200)
	at org.openqa.selenium.remote.codec.w3c.W3CHttpResponseCodec.decode(W3CHttpResponseCodec.java:133)
	at org.openqa.selenium.remote.codec.w3c.W3CHttpResponseCodec.decode(W3CHttpResponseCodec.java:52)
	at org.openqa.selenium.remote.HttpCommandExecutor.execute(HttpCommandExecutor.java:191)
	at org.openqa.selenium.remote.service.DriverCommandExecutor.invokeExecute(DriverCommandExecutor.java:196)
	at org.openqa.selenium.remote.service.DriverCommandExecutor.execute(DriverCommandExecutor.java:171)
	at org.openqa.selenium.remote.RemoteWebDriver.execute(RemoteWebDriver.java:602)
	at org.openqa.selenium.remote.RemoteWebElement.execute(RemoteWebElement.java:224)
	at org.openqa.selenium.remote.RemoteWebElement.click(RemoteWebElement.java:77)
	at java.base/jdk.internal.reflect.NativeMethodAccessorImpl.invoke0(Native Method)
	at java.base/jdk.internal.reflect.NativeMethodAccessorImpl.invoke(NativeMethodAccessorImpl.java:62)
	at java.base/jdk.internal.reflect.DelegatingMethodAccessorImpl.invoke(DelegatingMethodAccessorImpl.java:43)
	at java.base/java.lang.reflect.Method.invoke(Method.java:566)
	at org.openqa.selenium.support.pagefactory.internal.LocatingElementHandler.invoke(LocatingElementHandler.java:51)
	at com.sun.proxy.$Proxy26.click(Unknown Source)
	at Angular_Form.utils.ElementUtils.clickElement(ElementUtils.java:34)
	at Angular_Form.pages.SignInPage.watchdemobutton(SignInPage.java:114)
	at Angular_Form.stepdefinitions.SignIn.userClicksOnTheWatchDemoButton(SignIn.java:63)
	at âœ½.User clicks on the Watch Demo button(file:///C:/Users/walkingtree/Test_Entrata/src/test/resources/Angular_Form/features/SignIn.feature:31)
&amp#27;[0m
  &amp#27;[36mThen &amp#27;[0m&amp#27;[36muser scroll to bottom of the page&amp#27;[0m                                         &amp#27;[90m# Angular_Form.stepdefinitions.SignIn.userScrollToBottomOfThePage()&amp#27;[0m
  &amp#27;[36mThen &amp#27;[0m&amp#27;[36mUser Clicks on the watch demo button with out filling all the details&amp#27;[0m     &amp#27;[90m# Angular_Form.stepdefinitions.SignIn.userClicksOnTheWatchDemoButtonWithOutFillingAllTheDetails()&amp#27;[0m
  &amp#27;[36mThen &amp#27;[0m&amp#27;[36muser scroll to top of the page&amp#27;[0m                                            &amp#27;[90m# Angular_Form.stepdefinitions.SignIn.userScrollToTopOfThePage()&amp#27;[0m
  &amp#27;[36mThen &amp#27;[0m&amp#27;[36muser should able to see &amp#27;[0m&amp#27;[36m&amp#27;[1m"This field is required."&amp#27;[0m&amp#27;[36m message&amp#27;[0m                 &amp#27;[90m# Angular_Form.stepdefinitions.SignIn.userShouldAbleToSeeMessage(java.lang.String)&amp#27;[0m
 INFO [main] (CommonUtils.java:30)- takeScreenShot() invoked , screenshot taken

    Embedding User_is_the_Can't_watch_demo_with_out_filleing_all_the_Details [image/png 177512 bytes]

 INFO [main] (MyHooks.java:51)- scenario failed
 INFO [main] (MyHooks.java:55)- driver  quit
]]></system-out>
    <system-err><![CDATA[Oct 10, 2024 11:16:30 AM org.openqa.selenium.devtools.CdpVersionFinder findNearestMatch
WARNING: Unable to find CDP implementation matching 129
Oct 10, 2024 11:16:30 AM org.openqa.selenium.chromium.ChromiumDriver lambda$new$5
WARNING: Unable to find version of CDP to use for 129.0.6668.90. You may need to include a dependency on a specific version of the CDP using something similar to `org.seleniumhq.selenium:selenium-devtools-v86:4.12.0` where the version ("v86") matches the version of the chromium-based browser you're using and the version number of the artifact is the same as Selenium's.
]]></system-err>
  </testcase>
</testsuite>