<?xml version="1.0" encoding="UTF-8"?>
<testng-results ignored="0" total="3" passed="3" failed="0" skipped="0">
  <reporter-output>
  </reporter-output>
  <suite started-at="2024-10-10T01:47:05 IST" name="All Test Suite" finished-at="2024-10-10T01:48:24 IST" duration-ms="78651">
    <groups>
      <group name="cucumber">
        <method signature="AbstractTestNGCucumberTests.runScenario(io.cucumber.testng.PickleWrapper,io.cucumber.testng.FeatureWrapper)[pri:0, instance:Angular_Form.runner.TestRunner@7d4f9aae]" name="runScenario" class="io.cucumber.testng.AbstractTestNGCucumberTests"/>
      </group> <!-- cucumber -->
    </groups>
    <test started-at="2024-10-10T01:47:05 IST" name="Cucumber Tests" finished-at="2024-10-10T01:48:24 IST" duration-ms="78651">
      <class name="Angular_Form.runner.TestRunner">
        <test-method is-config="true" signature="setUpClass(org.testng.ITestContext)[pri:0, instance:Angular_Form.runner.TestRunner@7d4f9aae]" started-at="2024-10-10T01:47:05 IST" name="setUpClass" finished-at="2024-10-10T01:47:06 IST" duration-ms="508" status="PASS">
          <params>
            <param index="0">
              <value>
                <![CDATA[org.testng.TestRunner@1cc708a7]]>
              </value>
            </param>
          </params>
          <reporter-output>
          </reporter-output>
        </test-method> <!-- setUpClass -->
        <test-method signature="runScenario(io.cucumber.testng.PickleWrapper,io.cucumber.testng.FeatureWrapper)[pri:0, instance:Angular_Form.runner.TestRunner@7d4f9aae]" started-at="2024-10-10T01:47:06 IST" name="runScenario" description="Runs Cucumber Scenarios" data-provider="scenarios" finished-at="2024-10-10T01:47:34 IST" duration-ms="28010" status="PASS">
          <params>
            <param index="0">
              <value>
                <![CDATA["User is the Can't schedule demo with out filleing all the Details"]]>
              </value>
            </param>
            <param index="1">
              <value>
                <![CDATA["SignIn"]]>
              </value>
            </param>
          </params>
          <reporter-output>
          </reporter-output>
        </test-method> <!-- runScenario -->
        <test-method signature="runScenario(io.cucumber.testng.PickleWrapper,io.cucumber.testng.FeatureWrapper)[pri:0, instance:Angular_Form.runner.TestRunner@7d4f9aae]" started-at="2024-10-10T01:47:34 IST" name="runScenario" description="Runs Cucumber Scenarios" data-provider="scenarios" finished-at="2024-10-10T01:48:00 IST" duration-ms="26360" status="PASS">
          <params>
            <param index="0">
              <value>
                <![CDATA["User Fails to log in as Property Manager due to invalid Credentials"]]>
              </value>
            </param>
            <param index="1">
              <value>
                <![CDATA["SignIn"]]>
              </value>
            </param>
          </params>
          <reporter-output>
          </reporter-output>
        </test-method> <!-- runScenario -->
        <test-method signature="runScenario(io.cucumber.testng.PickleWrapper,io.cucumber.testng.FeatureWrapper)[pri:0, instance:Angular_Form.runner.TestRunner@7d4f9aae]" started-at="2024-10-10T01:48:00 IST" name="runScenario" description="Runs Cucumber Scenarios" data-provider="scenarios" finished-at="2024-10-10T01:48:21 IST" duration-ms="21546" status="PASS">
          <params>
            <param index="0">
              <value>
                <![CDATA["User is the Can't watch demo with out filleing all the Details"]]>
              </value>
            </param>
            <param index="1">
              <value>
                <![CDATA["SignIn"]]>
              </value>
            </param>
          </params>
          <reporter-output>
          </reporter-output>
        </test-method> <!-- runScenario -->
        <test-method is-config="true" signature="tearDownClass()[pri:0, instance:Angular_Form.runner.TestRunner@7d4f9aae]" started-at="2024-10-10T01:48:22 IST" name="tearDownClass" finished-at="2024-10-10T01:48:24 IST" duration-ms="2202" status="PASS">
          <reporter-output>
          </reporter-output>
        </test-method> <!-- tearDownClass -->
      </class> <!-- Angular_Form.runner.TestRunner -->
    </test> <!-- Cucumber Tests -->
  </suite> <!-- All Test Suite -->
</testng-results>
