<?xml version="1.0" encoding="UTF-8"?>
<testng-results ignored="0" total="3" passed="0" failed="3" skipped="0">
  <reporter-output>
  </reporter-output>
  <suite started-at="2024-10-10T11:14:47 IST" name="All Test Suite" finished-at="2024-10-10T11:16:54 IST" duration-ms="126992">
    <groups>
      <group name="cucumber">
        <method signature="AbstractTestNGCucumberTests.runScenario(io.cucumber.testng.PickleWrapper,io.cucumber.testng.FeatureWrapper)[pri:0, instance:Angular_Form.runner.TestRunner@7d4f9aae]" name="runScenario" class="io.cucumber.testng.AbstractTestNGCucumberTests"/>
      </group> <!-- cucumber -->
    </groups>
    <test started-at="2024-10-10T11:14:47 IST" name="Cucumber Tests" finished-at="2024-10-10T11:16:54 IST" duration-ms="126992">
      <class name="Angular_Form.runner.TestRunner">
        <test-method is-config="true" signature="setUpClass(org.testng.ITestContext)[pri:0, instance:Angular_Form.runner.TestRunner@7d4f9aae]" started-at="2024-10-10T11:14:47 IST" name="setUpClass" finished-at="2024-10-10T11:14:47 IST" duration-ms="684" status="PASS">
          <params>
            <param index="0">
              <value>
                <![CDATA[org.testng.TestRunner@69eb544f]]>
              </value>
            </param>
          </params>
          <reporter-output>
          </reporter-output>
        </test-method> <!-- setUpClass -->
        <test-method signature="runScenario(io.cucumber.testng.PickleWrapper,io.cucumber.testng.FeatureWrapper)[pri:0, instance:Angular_Form.runner.TestRunner@7d4f9aae]" started-at="2024-10-10T11:14:47 IST" name="runScenario" description="Runs Cucumber Scenarios" data-provider="scenarios" finished-at="2024-10-10T11:15:06 IST" duration-ms="19139" status="FAIL">
          <params>
            <param index="0">
              <value>
                <![CDATA["User is the Can't schedule demo with out filleing all the Details"]]>
              </value>
            </param>
            <param index="1">
              <value>
                <![CDATA["SignIn"]]>
              </value>
            </param>
          </params>
          <exception class="java.lang.NullPointerException">
            <full-stacktrace>
              <![CDATA[java.lang.NullPointerException
at Angular_Form.utils.ElementUtils.clickElement(ElementUtils.java:34)
at Angular_Form.pages.SignInPage.AcceptCookies(SignInPage.java:59)
at Angular_Form.stepdefinitions.SignIn.userClicksOnAcceptCookiesButton(SignIn.java:17)
at ✽.user clicks on accept cookies button(file:///C:/Users/walkingtree/Test_Entrata/src/test/resources/Angular_Form/features/SignIn.feature:5)
]]>
            </full-stacktrace>
          </exception> <!-- java.lang.NullPointerException -->
          <reporter-output>
          </reporter-output>
        </test-method> <!-- runScenario -->
        <test-method signature="runScenario(io.cucumber.testng.PickleWrapper,io.cucumber.testng.FeatureWrapper)[pri:0, instance:Angular_Form.runner.TestRunner@7d4f9aae]" started-at="2024-10-10T11:15:06 IST" name="runScenario" description="Runs Cucumber Scenarios" data-provider="scenarios" finished-at="2024-10-10T11:16:29 IST" duration-ms="82626" status="FAIL">
          <params>
            <param index="0">
              <value>
                <![CDATA["User Fails to log in as Property Manager due to invalid Credentials"]]>
              </value>
            </param>
            <param index="1">
              <value>
                <![CDATA["SignIn"]]>
              </value>
            </param>
          </params>
          <exception class="java.lang.NullPointerException">
            <full-stacktrace>
              <![CDATA[java.lang.NullPointerException
at Angular_Form.utils.ElementUtils.clickElement(ElementUtils.java:34)
at Angular_Form.pages.SignInPage.signinbutton(SignInPage.java:96)
at Angular_Form.stepdefinitions.SignIn.theUserClicksOnLogInButton(SignIn.java:59)
at ✽.the user clicks on log in button(file:///C:/Users/walkingtree/Test_Entrata/src/test/resources/Angular_Form/features/SignIn.feature:22)
]]>
            </full-stacktrace>
          </exception> <!-- java.lang.NullPointerException -->
          <reporter-output>
          </reporter-output>
        </test-method> <!-- runScenario -->
        <test-method signature="runScenario(io.cucumber.testng.PickleWrapper,io.cucumber.testng.FeatureWrapper)[pri:0, instance:Angular_Form.runner.TestRunner@7d4f9aae]" started-at="2024-10-10T11:16:29 IST" name="runScenario" description="Runs Cucumber Scenarios" data-provider="scenarios" finished-at="2024-10-10T11:16:51 IST" duration-ms="22172" status="FAIL">
          <params>
            <param index="0">
              <value>
                <![CDATA["User is the Can't watch demo with out filleing all the Details"]]>
              </value>
            </param>
            <param index="1">
              <value>
                <![CDATA["SignIn"]]>
              </value>
            </param>
          </params>
          <exception class="org.openqa.selenium.TimeoutException">
            <message>
              <![CDATA[timeout: Timed out receiving message from renderer: 15.000
  (Session info: chrome=129.0.6668.90)
Build info: version: '4.12.0', revision: '249f2a7d1b*'
System info: os.name: 'Windows 11', os.arch: 'amd64', os.version: '10.0', java.version: '11.0.17'
Driver info: org.openqa.selenium.chrome.ChromeDriver
Command: [c0fd03ddbf18931e8636c659dfcb1997, clickElement {id=f.9BA352C71034D83DDBDA57F80B56DF95.d.3A76F7C5881A1CB5546F2AF81274BA1B.e.388}]
Capabilities {acceptInsecureCerts: false, browserName: chrome, browserVersion: 129.0.6668.90, chrome: {chromedriverVersion: 129.0.6668.91 (b00bc8b76d60..., userDataDir: C:\Users\WALKIN~1\AppData\L...}, fedcm:accounts: true, goog:chromeOptions: {debuggerAddress: localhost:64341}, networkConnectionEnabled: false, pageLoadStrategy: normal, platformName: windows, proxy: Proxy(), se:cdp: ws://localhost:64341/devtoo..., se:cdpVersion: 129.0.6668.90, setWindowRect: true, strictFileInteractability: false, timeouts: {implicit: 0, pageLoad: 300000, script: 30000}, unhandledPromptBehavior: dismiss and notify, webauthn:extension:credBlob: true, webauthn:extension:largeBlob: true, webauthn:extension:minPinLength: true, webauthn:extension:prf: true, webauthn:virtualAuthenticators: true}
Element: [[ChromeDriver: chrome on windows (c0fd03ddbf18931e8636c659dfcb1997)] -> xpath: //*[@class='white-button mb-full w-inline-block']]
Session ID: c0fd03ddbf18931e8636c659dfcb1997]]>
            </message>
            <full-stacktrace>
              <![CDATA[org.openqa.selenium.TimeoutException: timeout: Timed out receiving message from renderer: 15.000
  (Session info: chrome=129.0.6668.90)
Build info: version: '4.12.0', revision: '249f2a7d1b*'
System info: os.name: 'Windows 11', os.arch: 'amd64', os.version: '10.0', java.version: '11.0.17'
Driver info: org.openqa.selenium.chrome.ChromeDriver
Command: [c0fd03ddbf18931e8636c659dfcb1997, clickElement {id=f.9BA352C71034D83DDBDA57F80B56DF95.d.3A76F7C5881A1CB5546F2AF81274BA1B.e.388}]
Capabilities {acceptInsecureCerts: false, browserName: chrome, browserVersion: 129.0.6668.90, chrome: {chromedriverVersion: 129.0.6668.91 (b00bc8b76d60..., userDataDir: C:\Users\WALKIN~1\AppData\L...}, fedcm:accounts: true, goog:chromeOptions: {debuggerAddress: localhost:64341}, networkConnectionEnabled: false, pageLoadStrategy: normal, platformName: windows, proxy: Proxy(), se:cdp: ws://localhost:64341/devtoo..., se:cdpVersion: 129.0.6668.90, setWindowRect: true, strictFileInteractability: false, timeouts: {implicit: 0, pageLoad: 300000, script: 30000}, unhandledPromptBehavior: dismiss and notify, webauthn:extension:credBlob: true, webauthn:extension:largeBlob: true, webauthn:extension:minPinLength: true, webauthn:extension:prf: true, webauthn:virtualAuthenticators: true}
Element: [[ChromeDriver: chrome on windows (c0fd03ddbf18931e8636c659dfcb1997)] -> xpath: //*[@class='white-button mb-full w-inline-block']]
Session ID: c0fd03ddbf18931e8636c659dfcb1997
at java.base/jdk.internal.reflect.NativeConstructorAccessorImpl.newInstance0(Native Method)
at java.base/jdk.internal.reflect.NativeConstructorAccessorImpl.newInstance(NativeConstructorAccessorImpl.java:62)
at java.base/jdk.internal.reflect.DelegatingConstructorAccessorImpl.newInstance(DelegatingConstructorAccessorImpl.java:45)
at java.base/java.lang.reflect.Constructor.newInstance(Constructor.java:490)
at org.openqa.selenium.remote.codec.w3c.W3CHttpResponseCodec.createException(W3CHttpResponseCodec.java:200)
at org.openqa.selenium.remote.codec.w3c.W3CHttpResponseCodec.decode(W3CHttpResponseCodec.java:133)
at org.openqa.selenium.remote.codec.w3c.W3CHttpResponseCodec.decode(W3CHttpResponseCodec.java:52)
at org.openqa.selenium.remote.HttpCommandExecutor.execute(HttpCommandExecutor.java:191)
at org.openqa.selenium.remote.service.DriverCommandExecutor.invokeExecute(DriverCommandExecutor.java:196)
at org.openqa.selenium.remote.service.DriverCommandExecutor.execute(DriverCommandExecutor.java:171)
at org.openqa.selenium.remote.RemoteWebDriver.execute(RemoteWebDriver.java:602)
at org.openqa.selenium.remote.RemoteWebElement.execute(RemoteWebElement.java:224)
at org.openqa.selenium.remote.RemoteWebElement.click(RemoteWebElement.java:77)
at java.base/jdk.internal.reflect.NativeMethodAccessorImpl.invoke0(Native Method)
at java.base/jdk.internal.reflect.NativeMethodAccessorImpl.invoke(NativeMethodAccessorImpl.java:62)
at java.base/jdk.internal.reflect.DelegatingMethodAccessorImpl.invoke(DelegatingMethodAccessorImpl.java:43)
at java.base/java.lang.reflect.Method.invoke(Method.java:566)
at org.openqa.selenium.support.pagefactory.internal.LocatingElementHandler.invoke(LocatingElementHandler.java:51)
at com.sun.proxy.$Proxy26.click(Unknown Source)
at Angular_Form.utils.ElementUtils.clickElement(ElementUtils.java:34)
at Angular_Form.pages.SignInPage.watchdemobutton(SignInPage.java:114)
at Angular_Form.stepdefinitions.SignIn.userClicksOnTheWatchDemoButton(SignIn.java:63)
at ✽.User clicks on the Watch Demo button(file:///C:/Users/walkingtree/Test_Entrata/src/test/resources/Angular_Form/features/SignIn.feature:31)
]]>
            </full-stacktrace>
          </exception> <!-- org.openqa.selenium.TimeoutException -->
          <reporter-output>
          </reporter-output>
        </test-method> <!-- runScenario -->
        <test-method is-config="true" signature="tearDownClass()[pri:0, instance:Angular_Form.runner.TestRunner@7d4f9aae]" started-at="2024-10-10T11:16:51 IST" name="tearDownClass" finished-at="2024-10-10T11:16:54 IST" duration-ms="2305" status="PASS">
          <reporter-output>
          </reporter-output>
        </test-method> <!-- tearDownClass -->
      </class> <!-- Angular_Form.runner.TestRunner -->
    </test> <!-- Cucumber Tests -->
  </suite> <!-- All Test Suite -->
</testng-results>
